<?xml version="1.0" encoding="UTF-8"?>
<!-- Generated by org.testng.reporters.JUnitReportReporter -->
<testsuite hostname="Aryan.local" failures="0" tests="5" name="com.HRM.TestCase.LoginPageTestCase" time="0.020" errors="0" timestamp="2025-10-23T14:01:33 IST" skipped="0">
  <testcase classname="com.HRM.TestCase.LoginPageTestCase" name="performLogin" time="0.002"/>
  <testcase classname="com.HRM.TestCase.LoginPageTestCase" name="performLogin" time="0.001"/>
  <testcase classname="com.HRM.TestCase.LoginPageTestCase" name="performLogin" time="0.013"/>
  <testcase classname="com.HRM.TestCase.LoginPageTestCase" name="performLogin" time="0.003"/>
  <testcase classname="com.HRM.TestCase.LoginPageTestCase" name="performLogin" time="0.001"/>
</testsuite> <!-- com.HRM.TestCase.LoginPageTestCase -->
