<?xml version="1.0" encoding="UTF-8"?>
<!-- Generated by org.testng.reporters.JUnitReportReporter -->
<testsuite hostname="Aryan.local" failures="0" tests="1" name="com.Utility.testing" time="0.022" errors="0" timestamp="2025-10-22T14:03:02 IST" skipped="0">
  <testcase classname="com.Utility.testing" name="f" time="0.022"/>
</testsuite> <!-- com.Utility.testing -->
