<?xml version="1.0" encoding="UTF-8"?>
<!-- Generated by org.testng.reporters.JUnitReportReporter -->
<testsuite hostname="Aryan.local" failures="0" tests="4" name="com.HRM.TestCase.AdminPageTestCase" time="51.911" errors="0" timestamp="2025-10-29T16:51:23 IST" skipped="0">
  <testcase classname="com.HRM.TestCase.AdminPageTestCase" name="testMenus" time="23.042"/>
  <testcase classname="com.HRM.TestCase.AdminPageTestCase" name="testSearchWithUserName" time="9.831"/>
  <testcase classname="com.HRM.TestCase.AdminPageTestCase" name="testSearchWithUserRole" time="10.108"/>
  <testcase classname="com.HRM.TestCase.AdminPageTestCase" name="testSearchWithUserStatus" time="8.930"/>
</testsuite> <!-- com.HRM.TestCase.AdminPageTestCase -->
