<?xml version="1.0" encoding="UTF-8"?>
<!-- Generated by org.testng.reporters.JUnitReportReporter -->
<testsuite hostname="Aryan.local" failures="0" tests="4" name="com.HRM.TestCase.AdminPageTestCase" time="49.911" errors="0" timestamp="2025-10-23T16:21:05 IST" skipped="0">
  <testcase classname="com.HRM.TestCase.AdminPageTestCase" name="testMenus" time="20.322"/>
  <testcase classname="com.HRM.TestCase.AdminPageTestCase" name="testSearchWithUserName" time="9.807"/>
  <testcase classname="com.HRM.TestCase.AdminPageTestCase" name="testSearchWithUserRole" time="10.067"/>
  <testcase classname="com.HRM.TestCase.AdminPageTestCase" name="testSearchWithUserStatus" time="9.715"/>
</testsuite> <!-- com.HRM.TestCase.AdminPageTestCase -->
